[0mGET / [36m304[0m 18.182 ms - -[0m
[0mGET /css/layout-f612503709.css [33m404[0m 26.675 ms - 164[0m
[0mGET /favicon.ico [33m404[0m 6.425 ms - 150[0m
[0mGET /user/sign-in [36m304[0m 9.968 ms - -[0m
[0mGET /css/layout-f612503709.css [33m404[0m 5.701 ms - 164[0m
[0mGET /user/sign-in [36m304[0m 25.996 ms - -[0m
[0mGET /css/layout-f612503709.css [33m404[0m 12.537 ms - 164[0m
[0mGET / [32m200[0m 12.027 ms - 1360[0m
[0mGET /css/layout-f612503709.css [33m404[0m 10.678 ms - 164[0m
[0mGET /favicon.ico [33m404[0m 5.369 ms - 150[0m
[0mGET / [36m304[0m 10.464 ms - -[0m
[0mGET /css/layout-f612503709.css [33m404[0m 5.741 ms - 164[0m
[0mGET /user/sign-in [32m200[0m 9.546 ms - 1883[0m
[0mGET /css/layout-f612503709.css [33m404[0m 3.480 ms - 164[0m
[0mPOST /user/create-session [36m302[0m 20.381 ms - 70[0m
[0mGET /user/profile [32m200[0m 30.704 ms - 3727[0m
[0mGET /css/layout-f612503709.css [33m404[0m 21.007 ms - 164[0m
[0mGET /user/profile/631e2b78a02461929fce0112 [32m200[0m 15.871 ms - 1630[0m
[0mGET /css/layout-f612503709.css [33m404[0m 16.286 ms - 164[0m
[0mGET /css/user_profile2.css [33m404[0m 13.303 ms - 160[0m
[0mGET /user/profile/631e2b4da02461929fce010b [32m200[0m 14.579 ms - 1999[0m
[0mGET /css/layout-f612503709.css [33m404[0m 15.353 ms - 164[0m
[0mGET /css/user_profile2.css [33m404[0m 10.783 ms - 160[0m
[0mGET /user/profile [32m200[0m 15.368 ms - 3494[0m
[0mGET /css/layout-f612503709.css [33m404[0m 19.532 ms - 164[0m
[0mGET / [32m200[0m 8.988 ms - 1373[0m
[0mGET /css/layout-f612503709.css [33m404[0m 12.585 ms - 164[0m
[0mGET /user/sign-out [36m302[0m 7.415 ms - 46[0m
[0mGET / [32m200[0m 7.188 ms - 1360[0m
[0mGET /css/layout-f612503709.css [33m404[0m 4.956 ms - 164[0m
[0mGET /user/profile [36m302[0m 3.037 ms - 70[0m
[0mGET /user/sign-in [36m304[0m 8.070 ms - -[0m
[0mGET /css/layout-f612503709.css [33m404[0m 3.212 ms - 164[0m
[0mGET /user/sign-in [36m304[0m 4.909 ms - -[0m
[0mGET /css/layout-f612503709.css [33m404[0m 2.983 ms - 164[0m
[0mGET /user/sign-in [36m304[0m 4.361 ms - -[0m
[0mGET /css/layout-f612503709.css [33m404[0m 2.853 ms - 164[0m
[0mGET /user/sign-in [36m304[0m 4.194 ms - -[0m
[0mGET /css/layout-f612503709.css [33m404[0m 3.778 ms - 164[0m
[0mGET / [36m304[0m 9.804 ms - -[0m
[0mGET /css/layout-f612503709.css [33m404[0m 7.274 ms - 164[0m
[0mGET / [32m200[0m 2.655 ms - 1360[0m
[0mGET /css/layout-f612503709.css [33m404[0m 3.238 ms - 164[0m
[0mGET /favicon.ico [33m404[0m 2.653 ms - 150[0m
[0mPOST /user/create-session [36m302[0m 10.102 ms - 70[0m
[0mGET /user/profile [32m200[0m 12.462 ms - 3727[0m
[0mGET /css/layout-f612503709.css [33m404[0m 15.647 ms - 164[0m
[0mGET /user/sign-in [32m200[0m 4.890 ms - 1883[0m
[0mGET /css/layout-f612503709.css [33m404[0m 3.255 ms - 164[0m
[0mPOST /user/create-session [36m302[0m 7.500 ms - 70[0m
[0mGET /user/profile [32m200[0m 16.738 ms - 3727[0m
[0mGET /css/layout-f612503709.css [33m404[0m 12.662 ms - 164[0m
[0mGET /user/profile [32m200[0m 52.149 ms - 3494[0m
[0mGET /css/layout-f612503709.css [33m404[0m 7.898 ms - 164[0m
[0mGET /user/profile [32m200[0m 14.074 ms - 3494[0m
[0mGET /css/layout-f612503709.css [33m404[0m 11.083 ms - 164[0m
[0mGET /user/profile [36m304[0m 13.480 ms - -[0m
[0mGET /css/layout-f612503709.css [33m404[0m 10.186 ms - 164[0m
[0mGET /user/profile [36m304[0m 14.981 ms - -[0m
[0mGET /css/layout-f612503709.css [33m404[0m 17.075 ms - 164[0m
[0mGET /user/profile [36m304[0m 15.957 ms - -[0m
[0mGET /css/layout-f612503709.css [33m404[0m 6.995 ms - 164[0m
[0mGET /user/profile [36m304[0m 36.226 ms - -[0m
[0mGET /css/layout-f612503709.css [33m404[0m 14.772 ms - 164[0m
[0mGET /css/layout-f612503709.css [33m404[0m 1.781 ms - 164[0m
[0mGET /user/profile [36m302[0m 4.573 ms - 70[0m
[0mGET /user/sign-in [36m304[0m 5.900 ms - -[0m
[0mGET /css/layout-f612503709.css [33m404[0m 5.769 ms - 164[0m
[0mPOST /user/create-session [36m302[0m 10.690 ms - 70[0m
[0mGET /user/profile [32m200[0m 15.556 ms - 3727[0m
[0mGET /css/layout-f612503709.css [33m404[0m 13.317 ms - 164[0m
[0mGET /user/profile [32m200[0m 16.863 ms - 3494[0m
[0mGET /css/layout-f612503709.css [33m404[0m 12.436 ms - 164[0m
[0mGET /user/profile [36m302[0m 1.041 ms - 70[0m
[0mGET /user/sign-in [32m200[0m 6.127 ms - 1883[0m
[0mGET /css/layout-f612503709.css [33m404[0m 1.559 ms - 164[0m
[0mGET /favicon.ico [0m-[0m - ms - -[0m
[0mPOST /user/create-session [36m302[0m 5.962 ms - 70[0m
[0mGET /user/profile [32m200[0m 12.526 ms - 3727[0m
[0mGET /css/layout-f612503709.css [33m404[0m 5.020 ms - 164[0m
[0mGET /user/sign-out [36m302[0m 8.445 ms - 46[0m
[0mGET / [36m304[0m 6.992 ms - -[0m
[0mGET /css/layout-f612503709.css [33m404[0m 6.400 ms - 164[0m
[0mGET /user/sign-out [36m302[0m 7.589 ms - 46[0m
[0mGET / [32m200[0m 5.198 ms - 1587[0m
[0mGET /css/layout-f612503709.css [33m404[0m 3.373 ms - 164[0m
[0mGET / [36m304[0m 3.798 ms - -[0m
[0mGET /css/layout-f612503709.css [33m404[0m 5.780 ms - 164[0m
[0mGET / [32m200[0m 3.809 ms - 1360[0m
[0mGET /css/layout-f612503709.css [33m404[0m 2.247 ms - 164[0m
[0mGET / [36m304[0m 3.987 ms - -[0m
[0mGET /css/layout-f612503709.css [33m404[0m 2.900 ms - 164[0m
[0mGET / [36m304[0m 4.239 ms - -[0m
[0mGET /css/layout-f612503709.css [33m404[0m 4.031 ms - 164[0m
[0mGET /user/sign-in [36m304[0m 5.470 ms - -[0m
[0mGET /css/layout-f612503709.css [33m404[0m 7.489 ms - 164[0m
[0mPOST /user/create-session [36m302[0m 10.921 ms - 70[0m
[0mGET /user/profile [32m200[0m 17.437 ms - 3727[0m
[0mGET /css/layout-f612503709.css [33m404[0m 5.652 ms - 164[0m
[0mGET /user/sign-in [36m304[0m 7.737 ms - -[0m
[0mGET /css/layout-f612503709.css [33m404[0m 5.295 ms - 164[0m
[0mPOST /user/create-session [36m302[0m 5.731 ms - 70[0m
[0mGET /user/profile [32m200[0m 10.660 ms - 3727[0m
[0mGET /css/layout-f612503709.css [33m404[0m 11.229 ms - 164[0m
[0mGET /user/sign-out [36m302[0m 5.684 ms - 46[0m
[0mGET / [36m304[0m 6.208 ms - -[0m
[0mGET /css/layout-f612503709.css [33m404[0m 8.780 ms - 164[0m
[0mGET /user/sign-out [36m302[0m 6.445 ms - 46[0m
[0mGET / [36m304[0m 10.372 ms - -[0m
[0mGET /css/layout-f612503709.css [33m404[0m 5.835 ms - 164[0m
[0mGET / [36m304[0m 2.972 ms - -[0m
[0mGET /css/layout-f612503709.css [33m404[0m 3.046 ms - 164[0m
[0mGET / [36m304[0m 6.549 ms - -[0m
[0mGET /css/layout-f612503709.css [33m404[0m 1.811 ms - 164[0m
[0mGET /user/sign-in [36m304[0m 33.136 ms - -[0m
[0mGET /css/layout-f612503709.css [33m404[0m 9.489 ms - 164[0m
[0mPOST /user/create-session [36m302[0m 18.260 ms - 70[0m
[0mGET /user/profile [36m304[0m 23.469 ms - -[0m
[0mGET /css/layout-f612503709.css [33m404[0m 25.127 ms - 164[0m
